<?xml version="1.0" encoding="UTF-8"?>
<!-- Generated by org.testng.reporters.JUnitReportReporter -->
<testsuite skipped="0" hostname="ADMN-PC" name="org.sample.TestNG" tests="1" failures="0" timestamp="05 Jan 2022 12:36:24 GMT" time="37.148" errors="0">
  <testcase name="login" time="37.148" classname="org.sample.TestNG"/>
</testsuite> <!-- org.sample.TestNG -->
