<?xml version="1.0" encoding="UTF-8"?>
<!-- Generated by org.testng.reporters.JUnitReportReporter -->
<testsuite skipped="0" hostname="ADMN-PC" name="org.sample.Final" tests="1" failures="0" timestamp="05 Jan 2022 12:53:50 GMT" time="27.033" errors="0">
  <testcase name="runUrl" time="27.033" classname="org.sample.Final"/>
</testsuite> <!-- org.sample.Final -->
